<?xml version="1.0" encoding="UTF-8"?>
<testsuite xmlns:xsi="http://www.w3.org/2001/XMLSchema-instance" xsi:noNamespaceSchemaLocation="https://maven.apache.org/surefire/maven-surefire-plugin/xsd/surefire-test-report-3.0.xsd" version="3.0" name="com.springboot.fp_ml_web.FpMlWebApplicationTests" time="4.955" tests="1" errors="0" skipped="0" failures="0">
  <properties>
[...]
</properties>
  <testcase name="contextLoads" classname="com.springboot.fp_ml_web.FpMlWebApplicationTests" time="0.482">
    <system-out><![CDATA[02:25:21.483 [main] INFO org.springframework.test.context.support.AnnotationConfigContextLoaderUtils -- Could not detect default configuration classes for test class [com.springboot.fp_ml_web.FpMlWebApplicationTests]: FpMlWebApplicationTests does not declare any static, non-private, non-final, nested classes annotated with @Configuration.
02:25:21.600 [main] INFO org.springframework.boot.test.context.SpringBootTestContextBootstrapper -- Found @SpringBootConfiguration com.springboot.fp_ml_web.FpMlWebApplication for test class com.springboot.fp_ml_web.FpMlWebApplicationTests
02:25:21.828 [main] INFO org.springframework.boot.devtools.restart.RestartApplicationListener -- Restart disabled due to context in which it is running

  .   ____          _            __ _ _
 /\\ / ___'_ __ _ _(_)_ __  __ _ \ \ \ \
( ( )\___ | '_ | '_| | '_ \/ _` | \ \ \ \
 \\/  ___)| |_)| | | | | || (_| |  ) ) ) )
  '  |____| .__|_| |_|_| |_\__, | / / / /
 =========|_|==============|___/=/_/_/_/

 :: Spring Boot ::                (v3.3.1)

2024-07-12T02:25:22.056+09:00  INFO 26904 --- [fp_ml_web] [           main] c.s.fp_ml_web.FpMlWebApplicationTests    : Starting FpMlWebApplicationTests using Java 17.0.11 with PID 26904 (started by user in C:\DE30-FinalProject-4\fp_ml_web)
2024-07-12T02:25:22.058+09:00  INFO 26904 --- [fp_ml_web] [           main] c.s.fp_ml_web.FpMlWebApplicationTests    : No active profile set, falling back to 1 default profile: "default"
2024-07-12T02:25:22.825+09:00  INFO 26904 --- [fp_ml_web] [           main] .s.d.r.c.RepositoryConfigurationDelegate : Bootstrapping Spring Data JPA repositories in DEFAULT mode.
2024-07-12T02:25:22.845+09:00  INFO 26904 --- [fp_ml_web] [           main] .s.d.r.c.RepositoryConfigurationDelegate : Finished Spring Data repository scanning in 13 ms. Found 0 JPA repository interfaces.
2024-07-12T02:25:23.258+09:00  INFO 26904 --- [fp_ml_web] [           main] o.hibernate.jpa.internal.util.LogHelper  : HHH000204: Processing PersistenceUnitInfo [name: default]
2024-07-12T02:25:23.344+09:00  INFO 26904 --- [fp_ml_web] [           main] org.hibernate.Version                    : HHH000412: Hibernate ORM core version 6.5.2.Final
2024-07-12T02:25:23.398+09:00  INFO 26904 --- [fp_ml_web] [           main] o.h.c.internal.RegionFactoryInitiator    : HHH000026: Second-level cache disabled
2024-07-12T02:25:23.822+09:00  INFO 26904 --- [fp_ml_web] [           main] o.s.o.j.p.SpringPersistenceUnitInfo      : No LoadTimeWeaver setup: ignoring JPA class transformer
2024-07-12T02:25:23.860+09:00  INFO 26904 --- [fp_ml_web] [           main] com.zaxxer.hikari.HikariDataSource       : HikariPool-1 - Starting...
2024-07-12T02:25:23.953+09:00  INFO 26904 --- [fp_ml_web] [           main] com.zaxxer.hikari.pool.HikariPool        : HikariPool-1 - Added connection org.mariadb.jdbc.Connection@43786627
2024-07-12T02:25:23.956+09:00  INFO 26904 --- [fp_ml_web] [           main] com.zaxxer.hikari.HikariDataSource       : HikariPool-1 - Start completed.
2024-07-12T02:25:24.882+09:00  INFO 26904 --- [fp_ml_web] [           main] o.h.e.t.j.p.i.JtaPlatformInitiator       : HHH000489: No JTA platform available (set 'hibernate.transaction.jta.platform' to enable JTA platform integration)
2024-07-12T02:25:24.934+09:00  INFO 26904 --- [fp_ml_web] [           main] j.LocalContainerEntityManagerFactoryBean : Initialized JPA EntityManagerFactory for persistence unit 'default'
2024-07-12T02:25:25.184+09:00  WARN 26904 --- [fp_ml_web] [           main] JpaBaseConfiguration$JpaWebConfiguration : spring.jpa.open-in-view is enabled by default. Therefore, database queries may be performed during view rendering. Explicitly configure spring.jpa.open-in-view to disable this warning
2024-07-12T02:25:25.517+09:00  WARN 26904 --- [fp_ml_web] [           main] ion$DefaultTemplateResolverConfiguration : Cannot find template location: classpath:/templates/ (please add some templates, check your Thymeleaf configuration, or set spring.thymeleaf.check-template-location=false)
2024-07-12T02:25:25.713+09:00  INFO 26904 --- [fp_ml_web] [           main] c.s.fp_ml_web.FpMlWebApplicationTests    : Started FpMlWebApplicationTests in 3.899 seconds (process running for 5.31)
]]></system-out>
  </testcase>
</testsuite>